app/build/outputs/logs/manifest-merger-debug-report.txt
-- Merging decision tree log ---
manifest
ADDED from src/main/AndroidManifest.xml:2:1-126:12
	package
		ADDED from src/main/AndroidManifest.xml:4:5-32
		INJECTED from src/main/AndroidManifest.xml
		INJECTED from src/main/AndroidManifest.xml
	android:versionName
		ADDED from src/main/AndroidManifest.xml:6:5-31
		INJECTED from src/main/AndroidManifest.xml
		INJECTED from src/main/AndroidManifest.xml
	xmlns:tools
		ADDED from src/main/AndroidManifest.xml:3:5-51
	android:versionCode
		ADDED from src/main/AndroidManifest.xml:5:5-29
		INJECTED from src/main/AndroidManifest.xml
		INJECTED from src/main/AndroidManifest.xml
	xmlns:android
		ADDED from src/main/AndroidManifest.xml:2:11-69
uses-sdk
ADDED from src/main/AndroidManifest.xml:8:5-44
MERGED from [com.android.support:support-v4:23.0.1] AndroidManifest.xml:20:5-43
MERGED from [cn.pedant.sweetalert:library:1.3] AndroidManifest.xml:7:5-9:41
MERGED from [com.pnikosis:materialish-progress:1.0] AndroidManifest.xml:7:5-9:41
MERGED from [com.android.support:appcompat-v7:21.0.0] AndroidManifest.xml:15:5-42
MERGED from [com.android.support:support-v4:23.0.1] AndroidManifest.xml:20:5-43
MERGED from [com.getui:sdk:2.9.0.0] AndroidManifest.xml:7:5-9:41
MERGED from [com.daimajia.numberprogressbar:library:1.2] AndroidManifest.xml:7:5-9:41
	android:targetSdkVersion
		INJECTED from src/main/AndroidManifest.xml
		INJECTED from src/main/AndroidManifest.xml
	android:minSdkVersion
		ADDED from src/main/AndroidManifest.xml:8:15-41
		INJECTED from src/main/AndroidManifest.xml
		INJECTED from src/main/AndroidManifest.xml
uses-permission#android.permission.DISABLE_KEYGUARD
ADDED from src/main/AndroidManifest.xml:10:5-75
	android:name
		ADDED from src/main/AndroidManifest.xml:10:22-72
uses-permission#android.permission.INTERNET
ADDED from src/main/AndroidManifest.xml:11:5-67
MERGED from [com.getui:sdk:2.9.0.0] AndroidManifest.xml:12:5-67
	android:name
		ADDED from src/main/AndroidManifest.xml:11:22-64
uses-permission#android.permission.RESTART_PACKAGES
ADDED from src/main/AndroidManifest.xml:12:5-75
	android:name
		ADDED from src/main/AndroidManifest.xml:12:22-72
uses-permission#android.permission.READ_EXTERNAL_STORAGE
ADDED from src/main/AndroidManifest.xml:13:5-80
	android:name
		ADDED from src/main/AndroidManifest.xml:13:22-77
uses-permission#android.permission.WRITE_EXTERNAL_STORAGE
ADDED from src/main/AndroidManifest.xml:14:5-81
MERGED from [com.getui:sdk:2.9.0.0] AndroidManifest.xml:19:5-81
	android:name
		ADDED from src/main/AndroidManifest.xml:14:22-78
uses-permission#android.permission.RECEIVE_BOOT_COMPLETED
ADDED from src/main/AndroidManifest.xml:15:5-81
MERGED from [com.getui:sdk:2.9.0.0] AndroidManifest.xml:18:5-81
	android:name
		ADDED from src/main/AndroidManifest.xml:15:22-78
uses-permission#android.permission.VIBRATE
ADDED from src/main/AndroidManifest.xml:16:5-66
MERGED from [com.getui:sdk:2.9.0.0] AndroidManifest.xml:20:5-66
	android:name
		ADDED from src/main/AndroidManifest.xml:16:22-63
uses-permission#android.permission.CHANGE_NETWORK_STATE
ADDED from src/main/AndroidManifest.xml:17:5-79
	android:name
		ADDED from src/main/AndroidManifest.xml:17:22-76
uses-permission#android.permission.CHANGE_WIFI_STATE
ADDED from src/main/AndroidManifest.xml:18:5-76
MERGED from [com.getui:sdk:2.9.0.0] AndroidManifest.xml:15:5-76
	android:name
		ADDED from src/main/AndroidManifest.xml:18:22-73
uses-permission#android.permission.ACCESS_NETWORK_STATE
ADDED from src/main/AndroidManifest.xml:19:5-79
MERGED from [com.getui:sdk:2.9.0.0] AndroidManifest.xml:14:5-79
	android:name
		ADDED from src/main/AndroidManifest.xml:19:22-76
uses-permission#android.permission.ACCESS_WIFI_STATE
ADDED from src/main/AndroidManifest.xml:20:5-76
MERGED from [com.getui:sdk:2.9.0.0] AndroidManifest.xml:16:5-76
	android:name
		ADDED from src/main/AndroidManifest.xml:20:22-73
uses-permission#android.permission.WAKE_LOCK
ADDED from src/main/AndroidManifest.xml:21:5-68
MERGED from [com.getui:sdk:2.9.0.0] AndroidManifest.xml:17:5-68
	android:name
		ADDED from src/main/AndroidManifest.xml:21:22-65
uses-permission#android.permission.READ_PHONE_STATE
ADDED from src/main/AndroidManifest.xml:22:5-75
MERGED from [com.getui:sdk:2.9.0.0] AndroidManifest.xml:13:5-75
	android:name
		ADDED from src/main/AndroidManifest.xml:22:22-72
uses-permission#android.permission.READ_LOGS
ADDED from src/main/AndroidManifest.xml:23:5-68
	android:name
		ADDED from src/main/AndroidManifest.xml:23:22-65
uses-permission#android.permission.MOUNT_UNMOUNT_FILESYSTEMS
ADDED from src/main/AndroidManifest.xml:24:5-84
	android:name
		ADDED from src/main/AndroidManifest.xml:24:22-81
application
ADDED from src/main/AndroidManifest.xml:26:5-124:19
MERGED from [com.android.support:support-v4:23.0.1] AndroidManifest.xml:22:5-20
MERGED from [cn.pedant.sweetalert:library:1.3] AndroidManifest.xml:11:5-20
MERGED from [com.pnikosis:materialish-progress:1.0] AndroidManifest.xml:11:5-15:19
MERGED from [com.android.support:appcompat-v7:21.0.0] AndroidManifest.xml:16:5-19
MERGED from [com.android.support:support-v4:23.0.1] AndroidManifest.xml:22:5-20
MERGED from [com.getui:sdk:2.9.0.0] AndroidManifest.xml:33:5-113:19
	android:label
		ADDED from src/main/AndroidManifest.xml:29:9-41
		REJECTED from [com.pnikosis:materialish-progress:1.0] AndroidManifest.xml:14:9-41
	android:icon
		ADDED from src/main/AndroidManifest.xml:28:9-38
		REJECTED from [com.pnikosis:materialish-progress:1.0] AndroidManifest.xml:13:9-45
	android:allowBackup
		ADDED from [com.pnikosis:materialish-progress:1.0] AndroidManifest.xml:12:9-35
	android:theme
		ADDED from src/main/AndroidManifest.xml:30:9-56
	tools:replace
		ADDED from src/main/AndroidManifest.xml:31:9-41
	android:name
		ADDED from src/main/AndroidManifest.xml:27:9-66
activity#com.bjut.printer.activity.MainActivity
ADDED from src/main/AndroidManifest.xml:32:9-41:20
	android:screenOrientation
		ADDED from src/main/AndroidManifest.xml:35:13-50
	android:label
		ADDED from src/main/AndroidManifest.xml:34:13-45
	android:name
		ADDED from src/main/AndroidManifest.xml:33:13-66
intent-filter#android.intent.action.MAIN+android.intent.category.LAUNCHER
ADDED from src/main/AndroidManifest.xml:36:13-40:29
action#android.intent.action.MAIN
ADDED from src/main/AndroidManifest.xml:37:17-69
	android:name
		ADDED from src/main/AndroidManifest.xml:37:25-66
category#android.intent.category.LAUNCHER
ADDED from src/main/AndroidManifest.xml:39:17-77
	android:name
		ADDED from src/main/AndroidManifest.xml:39:27-74
activity#com.bjut.printer.activity.FileChooser
ADDED from src/main/AndroidManifest.xml:42:9-44:53
	android:screenOrientation
		ADDED from src/main/AndroidManifest.xml:44:13-50
	android:name
		ADDED from src/main/AndroidManifest.xml:43:13-65
activity#com.bjut.printer.activity.SetUpActivity
ADDED from src/main/AndroidManifest.xml:45:9-47:53
	android:screenOrientation
		ADDED from src/main/AndroidManifest.xml:47:13-50
	android:name
		ADDED from src/main/AndroidManifest.xml:46:13-67
activity#com.bjut.printer.activity.DownloadActivity
ADDED from src/main/AndroidManifest.xml:48:9-50:53
	android:screenOrientation
		ADDED from src/main/AndroidManifest.xml:50:13-50
	android:name
		ADDED from src/main/AndroidManifest.xml:49:13-70
receiver#com.bjut.printer.bean.LogAdd
ADDED from src/main/AndroidManifest.xml:52:9-58:20
	android:exported
		ADDED from src/main/AndroidManifest.xml:54:13-37
	android:name
		ADDED from src/main/AndroidManifest.xml:53:13-56
intent-filter#com.igexin.sdk.action.${GETUI_APP_ID}
ADDED from src/main/AndroidManifest.xml:55:13-57:29
action#com.igexin.sdk.action.${GETUI_APP_ID}
ADDED from src/main/AndroidManifest.xml:56:17-80
	android:name
		ADDED from src/main/AndroidManifest.xml:56:25-77
		INJECTED from src/main/AndroidManifest.xml
receiver#com.bjut.printer.BroadCast.BootBroadcastReceiver
ADDED from src/main/AndroidManifest.xml:59:9-68:20
	android:enabled
		ADDED from src/main/AndroidManifest.xml:61:13-35
	android:exported
		ADDED from src/main/AndroidManifest.xml:62:13-36
	android:name
		ADDED from src/main/AndroidManifest.xml:60:13-76
intent-filter#android.intent.action.BOOT_COMPLETED+android.intent.category.HOME
ADDED from src/main/AndroidManifest.xml:63:13-67:29
action#android.intent.action.BOOT_COMPLETED
ADDED from src/main/AndroidManifest.xml:64:17-79
	android:name
		ADDED from src/main/AndroidManifest.xml:64:25-76
category#android.intent.category.HOME
ADDED from src/main/AndroidManifest.xml:66:17-73
	android:name
		ADDED from src/main/AndroidManifest.xml:66:27-70
service#com.bjut.printer.services.ServerSocketService
ADDED from src/main/AndroidManifest.xml:70:9-77:19
	android:name
		ADDED from src/main/AndroidManifest.xml:70:18-78
intent-filter#android.intent.category.DEFAULT+com.bjut.printer.services.ServerSocketService.LocalBinder
ADDED from src/main/AndroidManifest.xml:72:13-75:29
action#com.bjut.printer.services.ServerSocketService.LocalBinder
ADDED from src/main/AndroidManifest.xml:73:17-100
	android:name
		ADDED from src/main/AndroidManifest.xml:73:25-97
category#android.intent.category.DEFAULT
ADDED from src/main/AndroidManifest.xml:74:17-76
	android:name
		ADDED from src/main/AndroidManifest.xml:74:27-73
service#com.bjut.printer.services.CheckOrDownloadIntentService
ADDED from src/main/AndroidManifest.xml:78:9-80:40
	android:exported
		ADDED from src/main/AndroidManifest.xml:80:13-37
	android:name
		ADDED from src/main/AndroidManifest.xml:79:13-82
receiver#com.bjut.printer.BroadCast.MechanicalStatusReceiver
ADDED from src/main/AndroidManifest.xml:82:9-85:39
	android:enabled
		ADDED from src/main/AndroidManifest.xml:84:13-35
	android:exported
		ADDED from src/main/AndroidManifest.xml:85:13-36
	android:name
		ADDED from src/main/AndroidManifest.xml:83:13-79
service#com.bjut.printer.services.IOService
ADDED from src/main/AndroidManifest.xml:87:9-98:19
	android:enabled
		ADDED from src/main/AndroidManifest.xml:89:13-35
	android:exported
		ADDED from src/main/AndroidManifest.xml:90:13-36
	android:name
		ADDED from src/main/AndroidManifest.xml:88:13-63
intent-filter#android.intent.category.DEFAULT+com.bjut.printer.services.IOService.IOBinder
ADDED from src/main/AndroidManifest.xml:92:13-95:29
action#com.bjut.printer.services.IOService.IOBinder
ADDED from src/main/AndroidManifest.xml:93:17-87
	android:name
		ADDED from src/main/AndroidManifest.xml:93:25-84
receiver#com.bjut.printer.BroadCast.ErrorBroadCastReceiver
ADDED from src/main/AndroidManifest.xml:100:9-103:39
	android:enabled
		ADDED from src/main/AndroidManifest.xml:102:13-35
	android:exported
		ADDED from src/main/AndroidManifest.xml:103:13-36
	android:name
		ADDED from src/main/AndroidManifest.xml:101:13-77
receiver#com.bjut.printer.BroadCast.StartSocketServiceReceiver
ADDED from src/main/AndroidManifest.xml:104:9-107:39
	android:enabled
		ADDED from src/main/AndroidManifest.xml:106:13-35
	android:exported
		ADDED from src/main/AndroidManifest.xml:107:13-36
	android:name
		ADDED from src/main/AndroidManifest.xml:105:13-81
receiver#com.bjut.printer.BroadCast.WarningReceiver
ADDED from src/main/AndroidManifest.xml:108:9-111:39
	android:enabled
		ADDED from src/main/AndroidManifest.xml:110:13-35
	android:exported
		ADDED from src/main/AndroidManifest.xml:111:13-36
	android:name
		ADDED from src/main/AndroidManifest.xml:109:13-70
receiver#com.bjut.printer.BroadCast.UpdateAPKReceiver
ADDED from src/main/AndroidManifest.xml:112:9-115:39
	android:enabled
		ADDED from src/main/AndroidManifest.xml:114:13-35
	android:exported
		ADDED from src/main/AndroidManifest.xml:115:13-36
	android:name
		ADDED from src/main/AndroidManifest.xml:113:13-72
activity#com.bjut.printer.activity.LevelingActivity
ADDED from src/main/AndroidManifest.xml:117:9-79
	android:name
		ADDED from src/main/AndroidManifest.xml:117:19-76
receiver#com.bjut.printer.BroadCast.LevelingReceiver
ADDED from src/main/AndroidManifest.xml:119:9-122:39
	android:enabled
		ADDED from src/main/AndroidManifest.xml:121:13-35
	android:exported
		ADDED from src/main/AndroidManifest.xml:122:13-36
	android:name
		ADDED from src/main/AndroidManifest.xml:120:13-71
uses-permission#android.permission.GET_TASKS
ADDED from [com.getui:sdk:2.9.0.0] AndroidManifest.xml:21:5-68
	android:name
		ADDED from [com.getui:sdk:2.9.0.0] AndroidManifest.xml:21:22-65
uses-permission#android.permission.SYSTEM_ALERT_WINDOW
ADDED from [com.getui:sdk:2.9.0.0] AndroidManifest.xml:24:5-78
	android:name
		ADDED from [com.getui:sdk:2.9.0.0] AndroidManifest.xml:24:22-75
uses-permission#getui.permission.GetuiService.${PACKAGE_NAME}
ADDED from [com.getui:sdk:2.9.0.0] AndroidManifest.xml:27:5-85
	android:name
		ADDED from [com.getui:sdk:2.9.0.0] AndroidManifest.xml:27:22-82
permission#getui.permission.GetuiService.${PACKAGE_NAME}
ADDED from [com.getui:sdk:2.9.0.0] AndroidManifest.xml:29:5-31:44
	android:protectionLevel
		ADDED from [com.getui:sdk:2.9.0.0] AndroidManifest.xml:31:9-41
	android:name
		ADDED from [com.getui:sdk:2.9.0.0] AndroidManifest.xml:30:9-69
meta-data#PUSH_APPID
ADDED from [com.getui:sdk:2.9.0.0] AndroidManifest.xml:37:9-39:47
	android:value
		ADDED from [com.getui:sdk:2.9.0.0] AndroidManifest.xml:39:13-44
	android:name
		ADDED from [com.getui:sdk:2.9.0.0] AndroidManifest.xml:38:13-38
meta-data#PUSH_APPKEY
ADDED from [com.getui:sdk:2.9.0.0] AndroidManifest.xml:40:9-42:48
	android:value
		ADDED from [com.getui:sdk:2.9.0.0] AndroidManifest.xml:42:13-45
	android:name
		ADDED from [com.getui:sdk:2.9.0.0] AndroidManifest.xml:41:13-39
meta-data#PUSH_APPSECRET
ADDED from [com.getui:sdk:2.9.0.0] AndroidManifest.xml:43:9-45:51
	android:value
		ADDED from [com.getui:sdk:2.9.0.0] AndroidManifest.xml:45:13-48
	android:name
		ADDED from [com.getui:sdk:2.9.0.0] AndroidManifest.xml:44:13-42
service#com.igexin.sdk.PushService
ADDED from [com.getui:sdk:2.9.0.0] AndroidManifest.xml:48:9-56:19
	android:process
		ADDED from [com.getui:sdk:2.9.0.0] AndroidManifest.xml:52:13-43
	android:label
		ADDED from [com.getui:sdk:2.9.0.0] AndroidManifest.xml:51:13-47
	android:exported
		ADDED from [com.getui:sdk:2.9.0.0] AndroidManifest.xml:50:13-36
	android:name
		ADDED from [com.getui:sdk:2.9.0.0] AndroidManifest.xml:49:13-54
intent-filter#com.igexin.sdk.action.service.message
ADDED from [com.getui:sdk:2.9.0.0] AndroidManifest.xml:53:13-55:29
action#com.igexin.sdk.action.service.message
ADDED from [com.getui:sdk:2.9.0.0] AndroidManifest.xml:54:17-80
	android:name
		ADDED from [com.getui:sdk:2.9.0.0] AndroidManifest.xml:54:25-77
service#com.igexin.sdk.PushServiceUser
ADDED from [com.getui:sdk:2.9.0.0] AndroidManifest.xml:57:9-60:54
	android:label
		ADDED from [com.getui:sdk:2.9.0.0] AndroidManifest.xml:60:13-51
	android:exported
		ADDED from [com.getui:sdk:2.9.0.0] AndroidManifest.xml:59:13-36
	android:name
		ADDED from [com.getui:sdk:2.9.0.0] AndroidManifest.xml:58:13-58
receiver#com.igexin.sdk.PushReceiver
ADDED from [com.getui:sdk:2.9.0.0] AndroidManifest.xml:62:9-73:20
	android:name
		ADDED from [com.getui:sdk:2.9.0.0] AndroidManifest.xml:62:19-61
intent-filter#android.intent.action.ACTION_POWER_CONNECTED+android.intent.action.ACTION_POWER_DISCONNECTED+android.intent.action.BOOT_COMPLETED+android.intent.action.MEDIA_MOUNTED+android.intent.action.USER_PRESENT+android.net.conn.CONNECTIVITY_CHANGE+com.igexin.sdk.action.refreshls
ADDED from [com.getui:sdk:2.9.0.0] AndroidManifest.xml:63:13-72:29
action#android.net.conn.CONNECTIVITY_CHANGE
ADDED from [com.getui:sdk:2.9.0.0] AndroidManifest.xml:65:17-79
	android:name
		ADDED from [com.getui:sdk:2.9.0.0] AndroidManifest.xml:65:25-76
action#android.intent.action.USER_PRESENT
ADDED from [com.getui:sdk:2.9.0.0] AndroidManifest.xml:66:17-77
	android:name
		ADDED from [com.getui:sdk:2.9.0.0] AndroidManifest.xml:66:25-74
action#com.igexin.sdk.action.refreshls
ADDED from [com.getui:sdk:2.9.0.0] AndroidManifest.xml:67:17-74
	android:name
		ADDED from [com.getui:sdk:2.9.0.0] AndroidManifest.xml:67:25-71
action#android.intent.action.MEDIA_MOUNTED
ADDED from [com.getui:sdk:2.9.0.0] AndroidManifest.xml:69:17-78
	android:name
		ADDED from [com.getui:sdk:2.9.0.0] AndroidManifest.xml:69:25-75
action#android.intent.action.ACTION_POWER_CONNECTED
ADDED from [com.getui:sdk:2.9.0.0] AndroidManifest.xml:70:17-87
	android:name
		ADDED from [com.getui:sdk:2.9.0.0] AndroidManifest.xml:70:25-84
action#android.intent.action.ACTION_POWER_DISCONNECTED
ADDED from [com.getui:sdk:2.9.0.0] AndroidManifest.xml:71:17-90
	android:name
		ADDED from [com.getui:sdk:2.9.0.0] AndroidManifest.xml:71:25-87
receiver#com.igexin.sdk.PushManagerReceiver
ADDED from [com.getui:sdk:2.9.0.0] AndroidManifest.xml:74:9-80:20
	android:exported
		ADDED from [com.getui:sdk:2.9.0.0] AndroidManifest.xml:76:13-37
	android:name
		ADDED from [com.getui:sdk:2.9.0.0] AndroidManifest.xml:75:13-62
intent-filter#com.igexin.sdk.action.pushmanager
ADDED from [com.getui:sdk:2.9.0.0] AndroidManifest.xml:77:13-79:29
action#com.igexin.sdk.action.pushmanager
ADDED from [com.getui:sdk:2.9.0.0] AndroidManifest.xml:78:17-76
	android:name
		ADDED from [com.getui:sdk:2.9.0.0] AndroidManifest.xml:78:25-73
activity#com.igexin.sdk.PushActivity
ADDED from [com.getui:sdk:2.9.0.0] AndroidManifest.xml:82:9-88:75
	android:process
		ADDED from [com.getui:sdk:2.9.0.0] AndroidManifest.xml:86:13-43
	android:excludeFromRecents
		ADDED from [com.getui:sdk:2.9.0.0] AndroidManifest.xml:84:13-46
	android:exported
		ADDED from [com.getui:sdk:2.9.0.0] AndroidManifest.xml:85:13-37
	android:theme
		ADDED from [com.getui:sdk:2.9.0.0] AndroidManifest.xml:88:13-72
	android:taskAffinity
		ADDED from [com.getui:sdk:2.9.0.0] AndroidManifest.xml:87:13-67
	android:name
		ADDED from [com.getui:sdk:2.9.0.0] AndroidManifest.xml:83:13-55
activity#com.igexin.sdk.GActivity
ADDED from [com.getui:sdk:2.9.0.0] AndroidManifest.xml:89:9-95:75
	android:process
		ADDED from [com.getui:sdk:2.9.0.0] AndroidManifest.xml:93:13-43
	android:excludeFromRecents
		ADDED from [com.getui:sdk:2.9.0.0] AndroidManifest.xml:91:13-46
	android:exported
		ADDED from [com.getui:sdk:2.9.0.0] AndroidManifest.xml:92:13-36
	android:theme
		ADDED from [com.getui:sdk:2.9.0.0] AndroidManifest.xml:95:13-72
	android:taskAffinity
		ADDED from [com.getui:sdk:2.9.0.0] AndroidManifest.xml:94:13-67
	android:name
		ADDED from [com.getui:sdk:2.9.0.0] AndroidManifest.xml:90:13-52
service#com.igexin.download.DownloadService
ADDED from [com.getui:sdk:2.9.0.0] AndroidManifest.xml:97:9-99:46
	android:process
		ADDED from [com.getui:sdk:2.9.0.0] AndroidManifest.xml:99:13-43
	android:name
		ADDED from [com.getui:sdk:2.9.0.0] AndroidManifest.xml:98:13-63
receiver#com.igexin.download.DownloadReceiver
ADDED from [com.getui:sdk:2.9.0.0] AndroidManifest.xml:101:9-105:20
	android:name
		ADDED from [com.getui:sdk:2.9.0.0] AndroidManifest.xml:101:19-70
intent-filter#android.net.conn.CONNECTIVITY_CHANGE
ADDED from [com.getui:sdk:2.9.0.0] AndroidManifest.xml:102:13-104:29
provider#com.igexin.download.DownloadProvider
ADDED from [com.getui:sdk:2.9.0.0] AndroidManifest.xml:108:9-111:46
	android:authorities
		ADDED from [com.getui:sdk:2.9.0.0] AndroidManifest.xml:110:13-60
	android:process
		ADDED from [com.getui:sdk:2.9.0.0] AndroidManifest.xml:111:13-43
	android:name
		ADDED from [com.getui:sdk:2.9.0.0] AndroidManifest.xml:109:13-64